#
# There is insufficient memory for the Java Runtime Environment to continue.
# Native memory allocation (mmap) failed to map 134217728 bytes. Error detail: G1 virtual space
# Possible reasons:
#   The system is out of physical RAM or swap space
#   This process is running with CompressedOops enabled, and the Java Heap may be blocking the growth of the native heap
# Possible solutions:
#   Reduce memory load on the system
#   Increase physical memory or swap space
#   Check if swap backing store is full
#   Decrease Java heap size (-Xmx/-Xms)
#   Decrease number of Java threads
#   Decrease Java thread stack sizes (-Xss)
#   Set larger code cache with -XX:ReservedCodeCacheSize=
#   JVM is running with Unscaled Compressed Oops mode in which the Java heap is
#     placed in the first 4GB address space. The Java Heap base address is the
#     maximum limit for the native heap growth. Please use -XX:HeapBaseMinAddress
#     to set the Java Heap base and to place the Java Heap above 4GB virtual address.
# This output file may be truncated or incomplete.
#
#  Out of Memory Error (os_windows.cpp:3564), pid=13856, tid=12128
#
# JRE version:  (24.0.2+12) (build )
# Java VM: OpenJDK 64-Bit Server VM (24.0.2+12, mixed mode, sharing, tiered, compressed oops, compressed class ptrs, g1 gc, windows-amd64)
# No core dump will be written. Minidumps are not enabled by default on client versions of Windows
#

---------------  S U M M A R Y ------------

Command Line: -Dfile.encoding=UTF-8 --module-path=C:\Users\hp\Desktop\Electricity-Billing-System\Electricity Billing System\build\classes electricity.billing.system.Project

Host: Intel(R) Core(TM) i5-7300U CPU @ 2.60GHz, 4 cores, 7G,  Windows 10 , 64 bit Build 19041 (10.0.19041.5915)
Time: Sun Sep 21 12:26:56 2025 Sri Lanka Standard Time elapsed time: 0.050240 seconds (0d 0h 0m 0s)

---------------  T H R E A D  ---------------

Current thread (0x0000029b28b8a430):  JavaThread "Unknown thread" [_thread_in_vm, id=12128, stack(0x000000e30eb00000,0x000000e30ec00000) (1024K)]

Stack: [0x000000e30eb00000,0x000000e30ec00000]
Native frames: (J=compiled Java code, j=interpreted, Vv=VM code, C=native code)
V  [jvm.dll+0x741329]  (no source info available)
V  [jvm.dll+0x97e243]  (no source info available)
V  [jvm.dll+0x98056d]  (no source info available)
V  [jvm.dll+0x980be3]  (no source info available)
V  [jvm.dll+0x2b5a76]  (no source info available)
V  [jvm.dll+0x73d795]  (no source info available)
V  [jvm.dll+0x730f4a]  (no source info available)
V  [jvm.dll+0x39ea2a]  (no source info available)
V  [jvm.dll+0x3a67a6]  (no source info available)
V  [jvm.dll+0x392fbe]  (no source info available)
V  [jvm.dll+0x393278]  (no source info available)
V  [jvm.dll+0x36a09c]  (no source info available)
V  [jvm.dll+0x36ad5d]  (no source info available)
V  [jvm.dll+0x9409ef]  (no source info available)
V  [jvm.dll+0x40786d]  (no source info available)
V  [jvm.dll+0x928e6e]  (no source info available)
V  [jvm.dll+0x4a2d0e]  (no source info available)
V  [jvm.dll+0x4a4c41]  (no source info available)
C  [jli.dll+0x52a1]  (no source info available)
C  [ucrtbase.dll+0x21bb2]  (no source info available)
C  [KERNEL32.DLL+0x17374]  (no source info available)
C  [ntdll.dll+0x4cc91]  (no source info available)

Lock stack of current Java thread (top to bottom):


---------------  P R O C E S S  ---------------

Threads class SMR info:
_java_thread_list=0x00007ffdba52bf58, length=0, elements={
}

Java Threads: ( => current thread )
Total: 0

Other Threads:
  0x0000029b2ae341c0 WorkerThread "GC Thread#0"                     [id=13484, stack(0x000000e30ec00000,0x000000e30ed00000) (1024K)]
  0x0000029b2ae49ef0 ConcurrentGCThread "G1 Main Marker"            [id=7768, stack(0x000000e30ed00000,0x000000e30ee00000) (1024K)]
  0x0000029b2ae4b320 WorkerThread "G1 Conc#0"                       [id=13400, stack(0x000000e30ee00000,0x000000e30ef00000) (1024K)]

[error occurred during error reporting (printing all threads), id 0xc0000005, EXCEPTION_ACCESS_VIOLATION (0xc0000005) at pc=0x00007ffdb9b9ef9a]
VM state: not at safepoint (not fully initialized)

VM Mutex/Monitor currently owned by a thread:  ([mutex/lock_event])
[0x00007ffdba5b5148] Heap_lock - owner thread: 0x0000029b28b8a430

Heap address: 0x0000000081e00000, size: 2018 MB, Compressed Oops mode: 32-bit

CDS archive(s) mapped at: [0x0000000000000000-0x0000000000000000-0x0000000000000000), size 0, SharedBaseAddress: 0x0000000800000000, ArchiveRelocationMode: 1.
UseCompressedClassPointers 1, UseCompactObjectHeaders 0
Narrow klass pointer bits 32, Max shift 3
Narrow klass base: 0xffffffffffffffff, Narrow klass shift: -1
Encoding Range: [0xffffffffffffffff - 0x000000007fffffff), (2147483648 bytes)
Klass Range:    [0x0000000000000000 - 0x0000000000000000), (0 bytes)
Klass ID Range:  [4294967295 - 0) (1)

GC Precious Log:
 CardTable entry size: 512
 Card Set container configuration: InlinePtr #cards 5 size 8 Array Of Cards #cards 10 size 36 Howl #buckets 4 coarsen threshold 1843 Howl Bitmap #cards 512 size 80 coarsen threshold 460 Card regions per heap region 1 cards per card region 2048

Heap:
 garbage-first heap   total reserved 2066432K, committed 0K, used 0K [0x0000000081e00000, 0x0000000100000000)
  region size 1024K, 0 young (0K), 0 survivors (0K)

[error occurred during error reporting (printing heap information), id 0xc0000005, EXCEPTION_ACCESS_VIOLATION (0xc0000005) at pc=0x00007ffdb9fbfcd9]
GC Heap History (0 events):
No events

Dll operation events (1 events):
Event: 0.015 Loaded shared library C:\Program Files\Apache NetBeans\jdk\bin\java.dll

Deoptimization events (0 events):
No events

Classes loaded (0 events):
No events

Classes unloaded (0 events):
No events

Classes redefined (0 events):
No events

Internal exceptions (0 events):
No events

VM Operations (0 events):
No events

Memory protections (0 events):
No events

Nmethod flushes (0 events):
No events

Events (0 events):
No events


Dynamic libraries:
0x00007ff642b50000 - 0x00007ff642b5e000 	C:\Program Files\Apache NetBeans\jdk\bin\java.exe
0x00007ffe35070000 - 0x00007ffe35268000 	C:\Windows\SYSTEM32\ntdll.dll
0x00007ffe33130000 - 0x00007ffe331f2000 	C:\Windows\System32\KERNEL32.DLL
0x00007ffe32960000 - 0x00007ffe32c56000 	C:\Windows\System32\KERNELBASE.dll
0x00007ffe32f10000 - 0x00007ffe33010000 	C:\Windows\System32\ucrtbase.dll
0x00007ffe12aa0000 - 0x00007ffe12ab6000 	C:\Program Files\Apache NetBeans\jdk\bin\jli.dll
0x00007ffe1af50000 - 0x00007ffe1af6e000 	C:\Program Files\Apache NetBeans\jdk\bin\VCRUNTIME140.dll
0x00007ffe334f0000 - 0x00007ffe3368d000 	C:\Windows\System32\USER32.dll
0x00007ffe32710000 - 0x00007ffe32732000 	C:\Windows\System32\win32u.dll
0x00007ffe16700000 - 0x00007ffe1699b000 	C:\Windows\WinSxS\amd64_microsoft.windows.common-controls_6595b64144ccf1df_6.0.19041.6280_none_60bc30a171f2f3f3\COMCTL32.dll
0x00007ffe33100000 - 0x00007ffe3312b000 	C:\Windows\System32\GDI32.dll
0x00007ffe32840000 - 0x00007ffe32959000 	C:\Windows\System32\gdi32full.dll
0x00007ffe332a0000 - 0x00007ffe3333e000 	C:\Windows\System32\msvcrt.dll
0x00007ffe32d10000 - 0x00007ffe32dad000 	C:\Windows\System32\msvcp_win.dll
0x00007ffe33710000 - 0x00007ffe3373f000 	C:\Windows\System32\IMM32.DLL
0x00007ffe26bd0000 - 0x00007ffe26bdc000 	C:\Program Files\Apache NetBeans\jdk\bin\vcruntime140_1.dll
0x00007ffdc2a60000 - 0x00007ffdc2aed000 	C:\Program Files\Apache NetBeans\jdk\bin\msvcp140.dll
0x00007ffdb9820000 - 0x00007ffdba69c000 	C:\Program Files\Apache NetBeans\jdk\bin\server\jvm.dll
0x00007ffe346d0000 - 0x00007ffe34781000 	C:\Windows\System32\ADVAPI32.dll
0x00007ffe33200000 - 0x00007ffe3329f000 	C:\Windows\System32\sechost.dll
0x00007ffe345a0000 - 0x00007ffe346c0000 	C:\Windows\System32\RPCRT4.dll
0x00007ffe32ce0000 - 0x00007ffe32d07000 	C:\Windows\System32\bcrypt.dll
0x00007ffe343f0000 - 0x00007ffe3445b000 	C:\Windows\System32\WS2_32.dll
0x00007ffe325f0000 - 0x00007ffe3263b000 	C:\Windows\SYSTEM32\POWRPROF.dll
0x00007ffe19530000 - 0x00007ffe19557000 	C:\Windows\SYSTEM32\WINMM.dll
0x00007ffe278b0000 - 0x00007ffe278ba000 	C:\Windows\SYSTEM32\VERSION.dll
0x00007ffe325c0000 - 0x00007ffe325d2000 	C:\Windows\SYSTEM32\UMPDC.dll
0x00007ffe30f80000 - 0x00007ffe30f92000 	C:\Windows\SYSTEM32\kernel.appcore.dll
0x00007ffe26660000 - 0x00007ffe2666a000 	C:\Program Files\Apache NetBeans\jdk\bin\jimage.dll
0x00007ffe2c410000 - 0x00007ffe2c611000 	C:\Windows\SYSTEM32\DBGHELP.DLL
0x00007ffe19230000 - 0x00007ffe19264000 	C:\Windows\SYSTEM32\dbgcore.DLL
0x00007ffe33010000 - 0x00007ffe33092000 	C:\Windows\System32\bcryptPrimitives.dll
0x00007ffe1af30000 - 0x00007ffe1af4e000 	C:\Program Files\Apache NetBeans\jdk\bin\java.dll
0x00007ffe347c0000 - 0x00007ffe348eb000 	C:\Windows\System32\ole32.dll
0x00007ffe33f60000 - 0x00007ffe342b3000 	C:\Windows\System32\combase.dll
0x00007ffe33740000 - 0x00007ffe33eb0000 	C:\Windows\System32\SHELL32.dll

JVMTI agents: none

dbghelp: loaded successfully - version: 4.0.5 - missing functions: none
symbol engine: initialized successfully - sym options: 0x614 - pdb path: .;C:\Program Files\Apache NetBeans\jdk\bin;C:\Windows\SYSTEM32;C:\Windows\WinSxS\amd64_microsoft.windows.common-controls_6595b64144ccf1df_6.0.19041.6280_none_60bc30a171f2f3f3;C:\Program Files\Apache NetBeans\jdk\bin\server

VM Arguments:
jvm_args: -Dfile.encoding=UTF-8 --module-path=C:\Users\hp\Desktop\Electricity-Billing-System\Electricity Billing System\build\classes 
java_command: electricity.billing.system.Project
java_class_path (initial): C:\Users\hp\Downloads\mysql-connector-java-8.0.28 (1).jar;C:\Users\hp\Desktop\Electricity-Billing-System\Electricity Billing System\build\classes
Launcher Type: SUN_STANDARD

[Global flags]
     intx CICompilerCount                          = 3                                         {product} {ergonomic}
     uint ConcGCThreads                            = 1                                         {product} {ergonomic}
     uint G1ConcRefinementThreads                  = 4                                         {product} {ergonomic}
   size_t G1HeapRegionSize                         = 1048576                                   {product} {ergonomic}
   size_t InitialHeapSize                          = 134217728                                 {product} {ergonomic}
   size_t MarkStackSize                            = 4194304                                   {product} {ergonomic}
   size_t MarkStackSizeMax                         = 536870912                                 {product} {ergonomic}
   size_t MaxHeapSize                              = 2116026368                                {product} {ergonomic}
   size_t MinHeapDeltaBytes                        = 1048576                                   {product} {ergonomic}
   size_t MinHeapSize                              = 8388608                                   {product} {ergonomic}
    uintx NonNMethodCodeHeapSize                   = 5832704                                {pd product} {ergonomic}
    uintx NonProfiledCodeHeapSize                  = 122945536                              {pd product} {ergonomic}
    uintx ProfiledCodeHeapSize                     = 122880000                              {pd product} {ergonomic}
    uintx ReservedCodeCacheSize                    = 251658240                              {pd product} {ergonomic}
     bool SegmentedCodeCache                       = true                                      {product} {ergonomic}
   size_t SoftMaxHeapSize                          = 2116026368                             {manageable} {ergonomic}
     bool UseCompressedOops                        = true                           {product lp64_product} {ergonomic}
     bool UseG1GC                                  = true                                      {product} {ergonomic}
     bool UseLargePagesIndividualAllocation        = false                                  {pd product} {ergonomic}

Logging:
Log output configuration:
 #0: stdout all=warning uptime,level,tags foldmultilines=false
 #1: stderr all=off uptime,level,tags foldmultilines=false

Environment Variables:
PATH=C:\Python312\Scripts\;C:\Python312\;C:\Program Files\Common Files\Oracle\Java\javapath;C:\Windows\system32;C:\Windows;C:\Windows\System32\Wbem;C:\Windows\System32\WindowsPowerShell\v1.0\;C:\Windows\System32\OpenSSH\;C:\MinGW\bin;C:\Users\hp\AppData\Local\GitHubDesktop\app-3.3.18\resources\app\git\cmd;C:\Program Files\Git\cmd;C:\Program Files\Git\mingw64\bin;C:\Program Files\Git\usr\bin;C:\Program Files\nodejs\;C:\ProgramData\chocolatey\bin;C:\Program Files\mongosh;C:\Users\hp\AppData\Local\Programs\Python\Python313\Scripts\;C:\Users\hp\AppData\Local\Programs\Python\Python313\;C:\Users\hp\AppData\Local\Microsoft\WindowsApps;C:\Users\hp\AppData\Local\Programs\Microsoft VS Code\bin;C:\Program Files\JetBrains\IntelliJ IDEA Community Edition 2025.2.1\bin;C:\Users\hp\AppData\Local\GitHubDesktop\bin;C:\Users\hp\AppData\Roaming\npm;C:\ProgramData\hp\GitHubDesktop\bin
USERNAME=hp
OS=Windows_NT
PROCESSOR_IDENTIFIER=Intel64 Family 6 Model 142 Stepping 9, GenuineIntel
TMP=C:\Users\hp\AppData\Local\Temp
TEMP=C:\Users\hp\AppData\Local\Temp




Periodic native trim disabled

---------------  S Y S T E M  ---------------

OS:
 Windows 10 , 64 bit Build 19041 (10.0.19041.5915)
OS uptime: 0 days 13:18 hours

CPU: total 4 (initial active 4) (2 cores per cpu, 2 threads per core) family 6 model 142 stepping 9 microcode 0xf4, cx8, cmov, fxsr, ht, mmx, 3dnowpref, sse, sse2, sse3, ssse3, sse4.1, sse4.2, popcnt, lzcnt, tsc, tscinvbit, avx, avx2, aes, erms, clmul, bmi1, bmi2, rtm, adx, fma, vzeroupper, clflush, clflushopt, rdtscp, f16c
Processor Information for processor 0
  Max Mhz: 2712, Current Mhz: 2611, Mhz Limit: 2603
Processor Information for processor 1
  Max Mhz: 2712, Current Mhz: 2611, Mhz Limit: 2603
Processor Information for processor 2
  Max Mhz: 2712, Current Mhz: 1406, Mhz Limit: 2603
Processor Information for processor 3
  Max Mhz: 2712, Current Mhz: 2611, Mhz Limit: 2603

Memory: 4k page, system-wide physical 8067M (1498M free)
TotalPageFile size 11304M (AvailPageFile size 42M)
current process WorkingSet (physical memory assigned to process): 11M, peak: 11M
current process commit charge ("private bytes"): 52M, peak: 180M

vm_info: OpenJDK 64-Bit Server VM (24.0.2+12) for windows-amd64 JRE (24.0.2+12) (Zulu24.32+13-CA), built on 2025-07-11T12:45:44Z with MS VC++ 17.1 (VS2022)

END.
