#
# There is insufficient memory for the Java Runtime Environment to continue.
# Native memory allocation (malloc) failed to allocate 32744 bytes. Error detail: Chunk::new
# Possible reasons:
#   The system is out of physical RAM or swap space
#   This process is running with CompressedOops enabled, and the Java Heap may be blocking the growth of the native heap
# Possible solutions:
#   Reduce memory load on the system
#   Increase physical memory or swap space
#   Check if swap backing store is full
#   Decrease Java heap size (-Xmx/-Xms)
#   Decrease number of Java threads
#   Decrease Java thread stack sizes (-Xss)
#   Set larger code cache with -XX:ReservedCodeCacheSize=
#   JVM is running with Unscaled Compressed Oops mode in which the Java heap is
#     placed in the first 4GB address space. The Java Heap base address is the
#     maximum limit for the native heap growth. Please use -XX:HeapBaseMinAddress
#     to set the Java Heap base and to place the Java Heap above 4GB virtual address.
# This output file may be truncated or incomplete.
#
#  Out of Memory Error (arena.cpp:162), pid=14080, tid=10132
#
# JRE version: OpenJDK Runtime Environment Zulu24.32+13-CA (24.0.2+12) (build 24.0.2+12)
# Java VM: OpenJDK 64-Bit Server VM Zulu24.32+13-CA (24.0.2+12, mixed mode, sharing, tiered, compressed oops, compressed class ptrs, g1 gc, windows-amd64)
# No core dump will be written. Minidumps are not enabled by default on client versions of Windows
#

---------------  S U M M A R Y ------------

Command Line: -Dfile.encoding=UTF-8 --module-path=C:\Users\hp\Desktop\Electricity-Billing-System\Electricity Billing System\build\classes electricity.billing.system.Project

Host: Intel(R) Core(TM) i5-7300U CPU @ 2.60GHz, 4 cores, 7G,  Windows 10 , 64 bit Build 19041 (10.0.19041.5915)
Time: Sun Sep 21 12:29:00 2025 Sri Lanka Standard Time elapsed time: 0.245742 seconds (0d 0h 0m 0s)

---------------  T H R E A D  ---------------

Current thread (0x000002906c78b790):  JavaThread "main"             [_thread_in_vm, id=10132, stack(0x000000b553500000,0x000000b553600000) (1024K)]

Stack: [0x000000b553500000,0x000000b553600000]
Native frames: (J=compiled Java code, j=interpreted, Vv=VM code, C=native code)
V  [jvm.dll+0x741329]  (no source info available)
V  [jvm.dll+0x97e243]  (no source info available)
V  [jvm.dll+0x98056d]  (no source info available)
V  [jvm.dll+0x980be3]  (no source info available)
V  [jvm.dll+0x2b5a76]  (no source info available)
V  [jvm.dll+0xd00af]  (no source info available)
V  [jvm.dll+0xd030f]  (no source info available)
V  [jvm.dll+0x24e66d]  (no source info available)
V  [jvm.dll+0x24d7ee]  (no source info available)
V  [jvm.dll+0x8edbde]  (no source info available)
V  [jvm.dll+0x8eecf8]  (no source info available)
V  [jvm.dll+0x8ef232]  (no source info available)
V  [jvm.dll+0x8eef86]  (no source info available)
V  [jvm.dll+0x4c22d2]  (no source info available)
V  [jvm.dll+0x497aa6]  (no source info available)
C  [awt.dll+0xd7484]  (no source info available)
C  0x000002900753ce20  (no source info available)

The last pc belongs to native method entry point (kind = native) (printed below).
Java frames: (J=compiled Java code, j=interpreted, Vv=VM code)
j  sun.awt.windows.WToolkit.initIDs()V+0 java.desktop@24.0.2
j  sun.awt.windows.WToolkit.<clinit>()V+20 java.desktop@24.0.2
v  ~StubRoutines::call_stub 0x0000029007530fcd
j  sun.awt.Win32GraphicsEnvironment.<clinit>()V+16 java.desktop@24.0.2
v  ~StubRoutines::call_stub 0x0000029007530fcd
j  sun.awt.PlatformGraphicsInfo.createGE()Ljava/awt/GraphicsEnvironment;+0 java.desktop@24.0.2
j  java.awt.GraphicsEnvironment$LocalGE.createGE()Ljava/awt/GraphicsEnvironment;+0 java.desktop@24.0.2
j  java.awt.GraphicsEnvironment$LocalGE.<clinit>()V+0 java.desktop@24.0.2
v  ~StubRoutines::call_stub 0x0000029007530fcd
j  java.awt.GraphicsEnvironment.getLocalGraphicsEnvironment()Ljava/awt/GraphicsEnvironment;+0 java.desktop@24.0.2
j  java.awt.Window.initGC(Ljava/awt/GraphicsConfiguration;)Ljava/awt/GraphicsConfiguration;+7 java.desktop@24.0.2
j  java.awt.Window.init(Ljava/awt/GraphicsConfiguration;)V+41 java.desktop@24.0.2
j  java.awt.Window.<init>()V+114 java.desktop@24.0.2
j  java.awt.Frame.<init>(Ljava/lang/String;)V+1 java.desktop@24.0.2
j  java.awt.Frame.<init>()V+3 java.desktop@24.0.2
j  javax.swing.JFrame.<init>()V+1 java.desktop@24.0.2
j  electricity.billing.system.Project.<init>()V+1
j  electricity.billing.system.Project.main([Ljava/lang/String;)V+4
v  ~StubRoutines::call_stub 0x0000029007530fcd
Lock stack of current Java thread (top to bottom):

native method entry point (kind = native)  [0x000002900753ca40, 0x000002900753d478]  2616 bytes
[MachCode]
  0x000002900753ca40: 488b 4b08 | 0fb7 492e | 584c 8d74 | ccf8 6800 | 0000 0068 | 0000 0000 | 5055 488b | ec41 5568 
  0x000002900753ca60: 0000 0000 | 4c8b 6b08 | 4d8d 6d38 | 5348 8b53 | 0848 8b52 | 0848 8b52 | 1848 8b52 | 7048 8b12 
  0x000002900753ca80: 5248 8b53 | 1048 85d2 | 0f84 0700 | 0000 4881 | c208 0100 | 0052 488b | 5308 488b | 5208 488b 
  0x000002900753caa0: 5210 5249 | 8bc6 482b | c548 c1e8 | 0350 6800 | 0000 0068 | f7ff ffff | 41c6 8771 | 0400 0001 
  0x000002900753cac0: 488b 4310 | 4885 c074 | 208b 88cc | 0000 0083 | c102 8988 | cc00 0000 | 2388 e000 | 0000 0f84 
  0x000002900753cae0: e408 0000 | e9cd 0000 | 0048 8b43 | 1848 85c0 | 0f85 b000 | 0000 e805 | 0000 00e9 | 9900 0000 
  0x000002900753cb00: 488b d348 | 8d44 2408 | 4c89 6dc0 | 498b cfc5 | f877 4989 | afb8 0300 | 0049 8987 | a803 0000 
  0x000002900753cb20: 4883 ec20 | 40f6 c40f | 0f84 1900 | 0000 4883 | ec08 48b8 | e016 c4b9 | fd7f 0000 | ffd0 4883 
  0x000002900753cb40: c408 e90c | 0000 0048 | b8e0 16c4 | b9fd 7f00 | 00ff d048 | 83c4 2049 | c787 a803 | 0000 0000 
  0x000002900753cb60: 0000 49c7 | 87b8 0300 | 0000 0000 | 0049 c787 | b003 0000 | 0000 0000 | c5f8 7749 | 837f 0800 
  0x000002900753cb80: 0f84 0500 | 0000 e935 | 43ff ff4c | 8b6d c04c | 8b75 c84e | 8d74 f500 | c348 8b43 | 1848 85c0 
  0x000002900753cba0: 0f84 1000 | 0000 8b08 | 83c1 0289 | 0823 4814 | 0f84 1208 | 0000 493b | a7f0 0400 | 000f 8748 
  0x000002900753cbc0: 0000 0089 | 8424 00f0 | ffff 8984 | 2400 e0ff | ff89 8424 | 00d0 ffff | 8984 2400 | c0ff ff89 
  0x000002900753cbe0: 8424 00b0 | ffff 8984 | 2400 a0ff | ff89 8424 | 0090 ffff | 8984 2400 | 80ff ff49 | 3ba7 e804 
  0x000002900753cc00: 0000 7607 | 4989 a7f0 | 0400 0041 | c687 7104 | 0000 0048 | 8b5d e84c | 8b5b 0845 | 0fb7 5b2e 
  0x000002900753cc20: 41c1 e303 | 492b e348 | 83ec 2048 | 83e4 f04c | 8b5b 604d | 85db 0f85 | ab00 0000 | e805 0000 
  0x000002900753cc40: 00e9 9900 | 0000 488b | d348 8d44 | 2408 4c89 | 6dc0 498b | cfc5 f877 | 4989 afb8 | 0300 0049 
  0x000002900753cc60: 8987 a803 | 0000 4883 | ec20 40f6 | c40f 0f84 | 1900 0000 | 4883 ec08 | 48b8 0041 | c4b9 fd7f 
  0x000002900753cc80: 0000 ffd0 | 4883 c408 | e90c 0000 | 0048 b800 | 41c4 b9fd | 7f00 00ff | d048 83c4 | 2049 c787 
  0x000002900753cca0: a803 0000 | 0000 0000 | 49c7 87b8 | 0300 0000 | 0000 0049 | c787 b003 | 0000 0000 | 0000 c5f8 
  0x000002900753ccc0: 7749 837f | 0800 0f84 | 0500 0000 | e9ef 41ff | ff4c 8b6d | c04c 8b75 | c84e 8d74 | f500 c348 
  0x000002900753cce0: 8b5d e84c | 8b5b 6041 | ffd3 488b | 5de8 4889 | 4518 448b | 5b28 41f6 | c308 0f84 | 1b00 0000 
  0x000002900753cd00: 4c8b 5b08 | 4d8b 5b08 | 4d8b 5b18 | 4d8b 5b70 | 4d8b 1b4c | 895d 1048 | 8d55 1048 | 8b43 5849 
  0x000002900753cd20: ba70 8cfd | b9fd 7f00 | 0049 3bc2 | 0f85 ab00 | 0000 e805 | 0000 00e9 | 9900 0000 | 488b d348 
  0x000002900753cd40: 8d44 2408 | 4c89 6dc0 | 498b cfc5 | f877 4989 | afb8 0300 | 0049 8987 | a803 0000 | 4883 ec20 
  0x000002900753cd60: 40f6 c40f | 0f84 1900 | 0000 4883 | ec08 48b8 | 0041 c4b9 | fd7f 0000 | ffd0 4883 | c408 e90c 
  0x000002900753cd80: 0000 0048 | b800 41c4 | b9fd 7f00 | 00ff d048 | 83c4 2049 | c787 a803 | 0000 0000 | 0000 49c7 
  0x000002900753cda0: 87b8 0300 | 0000 0000 | 0049 c787 | b003 0000 | 0000 0000 | c5f8 7749 | 837f 0800 | 0f84 0500 
  0x000002900753cdc0: 0000 e9f9 | 40ff ff4c | 8b6d c04c | 8b75 c84e | 8d74 f500 | c348 8b5d | e848 8b43 | 5849 8d8f 
  0x000002900753cde0: c803 0000 | 4c8d 15d5 | 0000 004d | 8997 b003 | 0000 c5f8 | 7749 89af | b803 0000 | 4989 a7a8 
  0x000002900753ce00: 0300 0041 | c787 5404 | 0000 0400 | 0000 493b | a748 0500 | 0076 0749 | 89a7 4805 | 0000 ffd0 
  0x000002900753ce20: 493b a748 | 0500 0072 | 0b49 c787 | 4805 0000 | 0000 0000 | c5f8 7748 | 83ec 10c5 | fb11 0424 
  0x000002900753ce40: 4883 ec10 | 4889 0424 | 48c7 4424 | 0800 0000 | 0041 c787 | 5404 0000 | 0500 0000 | f083 4424 
  0x000002900753ce60: c000 493b | 6f28 0f87 | 0e00 0000 | 4183 bf50 | 0400 0000 | 0f84 2000 | 0000 498b | cf4c 8be4 
  0x000002900753ce80: 4883 ec20 | 4883 e4f0 | 48b8 f0a5 | c5b9 fd7f | 0000 ffd0 | 498b e44d | 33e4 41c7 | 8754 0400 
  0x000002900753cea0: 0008 0000 | 004d 8b97 | 7005 0000 | 4983 fa00 | 7435 49c7 | 8770 0500 | 0000 0000 | 0041 ffe2 
  0x000002900753cec0: 49ba 00bb | 5307 9002 | 0000 41ff | d248 83ec | 10c5 fb11 | 0424 4883 | ec10 4889 | 0424 48c7 
  0x000002900753cee0: 4424 0800 | 0000 0049 | c787 a803 | 0000 0000 | 0000 49c7 | 87b8 0300 | 0000 0000 | 0049 c787 
  0x000002900753cf00: b003 0000 | 0000 0000 | c5f8 774d | 8b9f 3804 | 0000 41c7 | 8300 0100 | 0000 0000 | 0049 bb3a 
  0x000002900753cf20: a453 0790 | 0200 004c | 3b5d 180f | 8555 0100 | 0048 8b04 | 2448 83c4 | 1048 85c0 | 0f84 2f01 
  0x000002900753cf40: 0000 a803 | 0f85 0800 | 0000 488b | 00e9 1f01 | 0000 a801 | 0f85 0900 | 0000 488b | 40fe e90e 
  0x000002900753cf60: 0100 0048 | 8b40 ff41 | 807f 4800 | 0f84 ff00 | 0000 4883 | f800 0f84 | f500 0000 | 4d8b 5f38 
  0x000002900753cf80: 4d85 db0f | 8414 0000 | 0049 83eb | 084d 895f | 384d 035f | 4049 8903 | e9d4 0000 | 0048 83ec 
  0x000002900753cfa0: 7048 8904 | 2448 894c | 2408 4889 | 5424 104c | 8944 2418 | 4c89 4c24 | 204c 8954 | 2428 4c89 
  0x000002900753cfc0: 5c24 30c5 | fb11 4424 | 40c5 fb11 | 4c24 48c5 | fb11 5424 | 50c5 fb11 | 5c24 58c5 | fb11 6424 
  0x000002900753cfe0: 60c5 fb11 | 6c24 6849 | 8bd7 488b | c848 83ec | 2040 f6c4 | 0f0f 8419 | 0000 0048 | 83ec 0848 
  0x000002900753d000: b8e0 18b8 | b9fd 7f00 | 00ff d048 | 83c4 08e9 | 0c00 0000 | 48b8 e018 | b8b9 fd7f | 0000 ffd0 
  0x000002900753d020: 4883 c420 | c5fb 106c | 2468 c5fb | 1064 2460 | c5fb 105c | 2458 c5fb | 1054 2450 | c5fb 104c 
  0x000002900753d040: 2448 c5fb | 1044 2440 | 4c8b 5c24 | 304c 8b54 | 2428 4c8b | 4c24 204c | 8b44 2418 | 488b 5424 
  0x000002900753d060: 1048 8b4c | 2408 488b | 0424 4883 | c470 c5f8 | 7748 8945 | 1048 83ec | 1048 8904 | 2448 c744 
  0x000002900753d080: 2408 0000 | 0000 4183 | bfd0 0400 | 0002 0f85 | bf00 0000 | 4881 ec80 | 0000 0048 | 8944 2478 
  0x000002900753d0a0: 4889 4c24 | 7048 8954 | 2468 4889 | 5c24 6048 | 896c 2450 | 4889 7424 | 4848 897c | 2440 4c89 
  0x000002900753d0c0: 4424 384c | 894c 2430 | 4c89 5424 | 284c 895c | 2420 4c89 | 6424 184c | 896c 2410 | 4c89 7424 
  0x000002900753d0e0: 084c 893c | 244c 8be4 | 4883 ec20 | 4883 e4f0 | 48b8 6074 | fdb9 fd7f | 0000 ffd0 | 498b e44c 
  0x000002900753d100: 8b3c 244c | 8b74 2408 | 4c8b 6c24 | 104c 8b64 | 2418 4c8b | 5c24 204c | 8b54 2428 | 4c8b 4c24 
  0x000002900753d120: 304c 8b44 | 2438 488b | 7c24 4048 | 8b74 2448 | 488b 6c24 | 5048 8b5c | 2460 488b | 5424 6848 
  0x000002900753d140: 8b4c 2470 | 488b 4424 | 7848 81c4 | 8000 0000 | 4d33 e448 | 8b5d e84c | 8b6b 084d | 8d6d 3849 
  0x000002900753d160: 837f 0800 | 0f84 bb00 | 0000 e805 | 0000 00e9 | 9600 0000 | 488d 4424 | 084c 896d | c049 8bcf 
  0x000002900753d180: c5f8 7749 | 89af b803 | 0000 4989 | 87a8 0300 | 0048 83ec | 2040 f6c4 | 0f0f 8419 | 0000 0048 
  0x000002900753d1a0: 83ec 0848 | b8a0 5fc4 | b9fd 7f00 | 00ff d048 | 83c4 08e9 | 0c00 0000 | 48b8 a05f | c4b9 fd7f 
  0x000002900753d1c0: 0000 ffd0 | 4883 c420 | 49c7 87a8 | 0300 0000 | 0000 0049 | c787 b803 | 0000 0000 | 0000 49c7 
  0x000002900753d1e0: 87b0 0300 | 0000 0000 | 00c5 f877 | 4983 7f08 | 000f 8405 | 0000 00e9 | c43c ffff | 4c8b 6dc0 
  0x000002900753d200: 4c8b 75c8 | 4e8d 74f5 | 00c3 48b9 | e034 2dba | fd7f 0000 | 4883 e4f0 | 48b8 1090 | eab9 fd7f 
  0x000002900753d220: 0000 ffd0 | f444 8b5b | 2841 f6c3 | 200f 8472 | 0100 0048 | 8d55 a84c | 8b5a 084d | 85db 0f85 
  0x000002900753d240: bb00 0000 | e805 0000 | 00e9 9600 | 0000 488d | 4424 084c | 896d c049 | 8bcf c5f8 | 7749 89af 
  0x000002900753d260: b803 0000 | 4989 87a8 | 0300 0048 | 83ec 2040 | f6c4 0f0f | 8419 0000 | 0048 83ec | 0848 b8d0 
  0x000002900753d280: 5ec4 b9fd | 7f00 00ff | d048 83c4 | 08e9 0c00 | 0000 48b8 | d05e c4b9 | fd7f 0000 | ffd0 4883 
  0x000002900753d2a0: c420 49c7 | 87a8 0300 | 0000 0000 | 0049 c787 | b803 0000 | 0000 0000 | 49c7 87b0 | 0300 0000 
  0x000002900753d2c0: 0000 00c5 | f877 4983 | 7f08 000f | 8405 0000 | 00e9 ea3b | ffff 4c8b | 6dc0 4c8b | 75c8 4e8d 
  0x000002900753d2e0: 74f5 00c3 | 48b9 e034 | 2dba fd7f | 0000 4883 | e4f0 48b8 | 1090 eab9 | fd7f 0000 | ffd0 f44c 
  0x000002900753d300: 896d c04c | 8b4a 0848 | c742 0800 | 0000 0045 | 8b87 5806 | 0000 4f3b | 4c07 f80f | 8542 0000 
  0x000002900753d320: 0041 83af | 5806 0000 | 084f 3b4c | 07f0 0f84 | 2a00 0000 | 498b 01a8 | 020f 8512 | 0000 004c 
  0x000002900753d340: 8bc0 4983 | c801 f04d | 0fb1 010f | 840d 0000 | 0041 8387 | 5806 0000 | 08e9 0500 | 0000 e93e 
  0x000002900753d360: 0000 004c | 894a 0848 | 8bca 4883 | ec20 40f6 | c40f 0f84 | 1900 0000 | 4883 ec08 | 48b8 f030 
  0x000002900753d380: c4b9 fd7f | 0000 ffd0 | 4883 c408 | e90c 0000 | 0048 b8f0 | 30c4 b9fd | 7f00 00ff | d048 83c4 
  0x000002900753d3a0: 204c 8b6d | c048 8b04 | 2448 83c4 | 10c5 fb10 | 0424 4883 | c410 4c8b | 5d18 41ff | d34c 8b5d 
  0x000002900753d3c0: f8c9 5f49 | 8be3 ffe7 | ba00 0000 | 00e8 0500 | 0000 e996 | 0000 0048 | 8d44 2408 | 4c89 6dc0 
  0x000002900753d3e0: 498b cfc5 | f877 4989 | afb8 0300 | 0049 8987 | a803 0000 | 4883 ec20 | 40f6 c40f | 0f84 1900 
  0x000002900753d400: 0000 4883 | ec08 48b8 | a025 c4b9 | fd7f 0000 | ffd0 4883 | c408 e90c | 0000 0048 | b8a0 25c4 
  0x000002900753d420: b9fd 7f00 | 00ff d048 | 83c4 2049 | c787 a803 | 0000 0000 | 0000 49c7 | 87b8 0300 | 0000 0000 
  0x000002900753d440: 0049 c787 | b003 0000 | 0000 0000 | c5f8 7749 | 837f 0800 | 0f84 0500 | 0000 e961 | 3aff ff4c 
  0x000002900753d460: 8b6d c04c | 8b75 c84e | 8d74 f500 | c348 8b5d | e8e9 40f7 | ffff 6690 
[/MachCode]

---------------  P R O C E S S  ---------------

Threads class SMR info:
_java_thread_list=0x00000290540e0bf0, length=12, elements={
0x000002906c78b790, 0x000002907c1966e0, 0x000002907c1986e0, 0x000002907c19c5f0,
0x000002907c19f130, 0x000002907c1a0400, 0x000002907c1a4b90, 0x000002907c1aa950,
0x000002907c1ad4e0, 0x000002905409ec70, 0x000002905410ba20, 0x0000029054127e20
}

Java Threads: ( => current thread )
=>0x000002906c78b790 JavaThread "main"                              [_thread_in_vm, id=10132, stack(0x000000b553500000,0x000000b553600000) (1024K)]
  0x000002907c1966e0 JavaThread "Reference Handler"          daemon [_thread_blocked, id=2688, stack(0x000000b553d00000,0x000000b553e00000) (1024K)]
  0x000002907c1986e0 JavaThread "Finalizer"                  daemon [_thread_blocked, id=1488, stack(0x000000b553e00000,0x000000b553f00000) (1024K)]
  0x000002907c19c5f0 JavaThread "Signal Dispatcher"          daemon [_thread_blocked, id=2164, stack(0x000000b553f00000,0x000000b554000000) (1024K)]
  0x000002907c19f130 JavaThread "Attach Listener"            daemon [_thread_blocked, id=7212, stack(0x000000b554000000,0x000000b554100000) (1024K)]
  0x000002907c1a0400 JavaThread "Service Thread"             daemon [_thread_blocked, id=1600, stack(0x000000b554100000,0x000000b554200000) (1024K)]
  0x000002907c1a4b90 JavaThread "Monitor Deflation Thread"   daemon [_thread_blocked, id=11880, stack(0x000000b554200000,0x000000b554300000) (1024K)]
  0x000002907c1aa950 JavaThread "C2 CompilerThread0"         daemon [_thread_blocked, id=14128, stack(0x000000b554300000,0x000000b554400000) (1024K)]
  0x000002907c1ad4e0 JavaThread "C1 CompilerThread0"         daemon [_thread_in_native, id=13332, stack(0x000000b554400000,0x000000b554500000) (1024K)]
  0x000002905409ec70 JavaThread "Common-Cleaner"             daemon [_thread_blocked, id=4136, stack(0x000000b554500000,0x000000b554600000) (1024K)]
  0x000002905410ba20 JavaThread "Notification Thread"        daemon [_thread_blocked, id=6428, stack(0x000000b554600000,0x000000b554700000) (1024K)]
  0x0000029054127e20 JavaThread "C2 CompilerThread1"         daemon [_thread_blocked, id=6492, stack(0x000000b554700000,0x000000b554800000) (1024K)]
Total: 12

Other Threads:
  0x000002907c183670 VMThread "VM Thread"                           [id=10072, stack(0x000000b553c00000,0x000000b553d00000) (1024K)]
  0x000002907c175b00 WatcherThread "VM Periodic Task Thread"        [id=13336, stack(0x000000b553b00000,0x000000b553c00000) (1024K)]
  0x000002906ea94b80 WorkerThread "GC Thread#0"                     [id=13628, stack(0x000000b553600000,0x000000b553700000) (1024K)]
  0x000002906eaa9720 ConcurrentGCThread "G1 Main Marker"            [id=13564, stack(0x000000b553700000,0x000000b553800000) (1024K)]
  0x000002906eaaa230 WorkerThread "G1 Conc#0"                       [id=13592, stack(0x000000b553800000,0x000000b553900000) (1024K)]
  0x000002906eb0e9e0 ConcurrentGCThread "G1 Refine#0"               [id=11920, stack(0x000000b553900000,0x000000b553a00000) (1024K)]
  0x000002907c046740 ConcurrentGCThread "G1 Service"                [id=11452, stack(0x000000b553a00000,0x000000b553b00000) (1024K)]
Total: 7

Threads with active compile tasks:
C1 CompilerThread0  508  311       3       jdk.internal.classfile.impl.StackMapGenerator::processBlock (2767 bytes)
Total: 1

VM state: not at safepoint (normal execution)

VM Mutex/Monitor currently owned by a thread: None

Heap address: 0x0000000081e00000, size: 2018 MB, Compressed Oops mode: 32-bit

CDS archive(s) mapped at: [0x000002900f000000-0x000002900fd40000-0x000002900fd40000), size 13893632, SharedBaseAddress: 0x000002900f000000, ArchiveRelocationMode: 1.
Compressed class space mapped at: 0x0000029010000000-0x0000029050000000, reserved size: 1073741824
UseCompressedClassPointers 1, UseCompactObjectHeaders 0
Narrow klass pointer bits 32, Max shift 3
Narrow klass base: 0x000002900f000000, Narrow klass shift: 0
Encoding Range: [0x000002900f000000 - 0x000002910f000000), (4294967296 bytes)
Klass Range:    [0x000002900f000000 - 0x0000029050000000), (1090519040 bytes)
Klass ID Range:  [8 - 1090519033) (1090519025)

GC Precious Log:
 CardTable entry size: 512
 Card Set container configuration: InlinePtr #cards 5 size 8 Array Of Cards #cards 10 size 36 Howl #buckets 4 coarsen threshold 1843 Howl Bitmap #cards 512 size 80 coarsen threshold 460 Card regions per heap region 1 cards per card region 2048
 CPUs: 4 total, 4 available
 Memory: 8067M
 Large Page Support: Disabled
 NUMA Support: Disabled
 Compressed Oops: Enabled (32-bit)
 Heap Region Size: 1M
 Heap Min Capacity: 8M
 Heap Initial Capacity: 128M
 Heap Max Capacity: 2018M
 Pre-touch: Disabled
 Parallel Workers: 4
 Concurrent Workers: 1
 Concurrent Refinement Workers: 4
 Periodic GC: Disabled

Heap:
 garbage-first heap   total reserved 2066432K, committed 133120K, used 4208K [0x0000000081e00000, 0x0000000100000000)
  region size 1024K, 4 young (4096K), 0 survivors (0K)
 Metaspace       used 1784K, committed 1920K, reserved 1114112K
  class space    used 108K, committed 192K, reserved 1048576K

Heap Regions: E=young(eden), S=young(survivor), O=old, HS=humongous(starts), HC=humongous(continues), CS=collection set, F=free, TAMS=top-at-mark-start, PB=parsable bottom
|   0|0x0000000081e00000, 0x0000000081e00000, 0x0000000081f00000|  0%| F|  |TAMS 0x0000000081e00000| PB 0x0000000081e00000| Untracked |  0
|   1|0x0000000081f00000, 0x0000000081f00000, 0x0000000082000000|  0%| F|  |TAMS 0x0000000081f00000| PB 0x0000000081f00000| Untracked |  0
|   2|0x0000000082000000, 0x0000000082000000, 0x0000000082100000|  0%| F|  |TAMS 0x0000000082000000| PB 0x0000000082000000| Untracked |  0
|   3|0x0000000082100000, 0x0000000082100000, 0x0000000082200000|  0%| F|  |TAMS 0x0000000082100000| PB 0x0000000082100000| Untracked |  0
|   4|0x0000000082200000, 0x0000000082200000, 0x0000000082300000|  0%| F|  |TAMS 0x0000000082200000| PB 0x0000000082200000| Untracked |  0
|   5|0x0000000082300000, 0x0000000082300000, 0x0000000082400000|  0%| F|  |TAMS 0x0000000082300000| PB 0x0000000082300000| Untracked |  0
|   6|0x0000000082400000, 0x0000000082400000, 0x0000000082500000|  0%| F|  |TAMS 0x0000000082400000| PB 0x0000000082400000| Untracked |  0
|   7|0x0000000082500000, 0x0000000082500000, 0x0000000082600000|  0%| F|  |TAMS 0x0000000082500000| PB 0x0000000082500000| Untracked |  0
|   8|0x0000000082600000, 0x0000000082600000, 0x0000000082700000|  0%| F|  |TAMS 0x0000000082600000| PB 0x0000000082600000| Untracked |  0
|   9|0x0000000082700000, 0x0000000082700000, 0x0000000082800000|  0%| F|  |TAMS 0x0000000082700000| PB 0x0000000082700000| Untracked |  0
|  10|0x0000000082800000, 0x0000000082800000, 0x0000000082900000|  0%| F|  |TAMS 0x0000000082800000| PB 0x0000000082800000| Untracked |  0
|  11|0x0000000082900000, 0x0000000082900000, 0x0000000082a00000|  0%| F|  |TAMS 0x0000000082900000| PB 0x0000000082900000| Untracked |  0
|  12|0x0000000082a00000, 0x0000000082a00000, 0x0000000082b00000|  0%| F|  |TAMS 0x0000000082a00000| PB 0x0000000082a00000| Untracked |  0
|  13|0x0000000082b00000, 0x0000000082b00000, 0x0000000082c00000|  0%| F|  |TAMS 0x0000000082b00000| PB 0x0000000082b00000| Untracked |  0
|  14|0x0000000082c00000, 0x0000000082c00000, 0x0000000082d00000|  0%| F|  |TAMS 0x0000000082c00000| PB 0x0000000082c00000| Untracked |  0
|  15|0x0000000082d00000, 0x0000000082d00000, 0x0000000082e00000|  0%| F|  |TAMS 0x0000000082d00000| PB 0x0000000082d00000| Untracked |  0
|  16|0x0000000082e00000, 0x0000000082e00000, 0x0000000082f00000|  0%| F|  |TAMS 0x0000000082e00000| PB 0x0000000082e00000| Untracked |  0
|  17|0x0000000082f00000, 0x0000000082f00000, 0x0000000083000000|  0%| F|  |TAMS 0x0000000082f00000| PB 0x0000000082f00000| Untracked |  0
|  18|0x0000000083000000, 0x0000000083000000, 0x0000000083100000|  0%| F|  |TAMS 0x0000000083000000| PB 0x0000000083000000| Untracked |  0
|  19|0x0000000083100000, 0x0000000083100000, 0x0000000083200000|  0%| F|  |TAMS 0x0000000083100000| PB 0x0000000083100000| Untracked |  0
|  20|0x0000000083200000, 0x0000000083200000, 0x0000000083300000|  0%| F|  |TAMS 0x0000000083200000| PB 0x0000000083200000| Untracked |  0
|  21|0x0000000083300000, 0x0000000083300000, 0x0000000083400000|  0%| F|  |TAMS 0x0000000083300000| PB 0x0000000083300000| Untracked |  0
|  22|0x0000000083400000, 0x0000000083400000, 0x0000000083500000|  0%| F|  |TAMS 0x0000000083400000| PB 0x0000000083400000| Untracked |  0
|  23|0x0000000083500000, 0x0000000083500000, 0x0000000083600000|  0%| F|  |TAMS 0x0000000083500000| PB 0x0000000083500000| Untracked |  0
|  24|0x0000000083600000, 0x0000000083600000, 0x0000000083700000|  0%| F|  |TAMS 0x0000000083600000| PB 0x0000000083600000| Untracked |  0
|  25|0x0000000083700000, 0x0000000083700000, 0x0000000083800000|  0%| F|  |TAMS 0x0000000083700000| PB 0x0000000083700000| Untracked |  0
|  26|0x0000000083800000, 0x0000000083800000, 0x0000000083900000|  0%| F|  |TAMS 0x0000000083800000| PB 0x0000000083800000| Untracked |  0
|  27|0x0000000083900000, 0x0000000083900000, 0x0000000083a00000|  0%| F|  |TAMS 0x0000000083900000| PB 0x0000000083900000| Untracked |  0
|  28|0x0000000083a00000, 0x0000000083a00000, 0x0000000083b00000|  0%| F|  |TAMS 0x0000000083a00000| PB 0x0000000083a00000| Untracked |  0
|  29|0x0000000083b00000, 0x0000000083b00000, 0x0000000083c00000|  0%| F|  |TAMS 0x0000000083b00000| PB 0x0000000083b00000| Untracked |  0
|  30|0x0000000083c00000, 0x0000000083c00000, 0x0000000083d00000|  0%| F|  |TAMS 0x0000000083c00000| PB 0x0000000083c00000| Untracked |  0
|  31|0x0000000083d00000, 0x0000000083d00000, 0x0000000083e00000|  0%| F|  |TAMS 0x0000000083d00000| PB 0x0000000083d00000| Untracked |  0
|  32|0x0000000083e00000, 0x0000000083e00000, 0x0000000083f00000|  0%| F|  |TAMS 0x0000000083e00000| PB 0x0000000083e00000| Untracked |  0
|  33|0x0000000083f00000, 0x0000000083f00000, 0x0000000084000000|  0%| F|  |TAMS 0x0000000083f00000| PB 0x0000000083f00000| Untracked |  0
|  34|0x0000000084000000, 0x0000000084000000, 0x0000000084100000|  0%| F|  |TAMS 0x0000000084000000| PB 0x0000000084000000| Untracked |  0
|  35|0x0000000084100000, 0x0000000084100000, 0x0000000084200000|  0%| F|  |TAMS 0x0000000084100000| PB 0x0000000084100000| Untracked |  0
|  36|0x0000000084200000, 0x0000000084200000, 0x0000000084300000|  0%| F|  |TAMS 0x0000000084200000| PB 0x0000000084200000| Untracked |  0
|  37|0x0000000084300000, 0x0000000084300000, 0x0000000084400000|  0%| F|  |TAMS 0x0000000084300000| PB 0x0000000084300000| Untracked |  0
|  38|0x0000000084400000, 0x0000000084400000, 0x0000000084500000|  0%| F|  |TAMS 0x0000000084400000| PB 0x0000000084400000| Untracked |  0
|  39|0x0000000084500000, 0x0000000084500000, 0x0000000084600000|  0%| F|  |TAMS 0x0000000084500000| PB 0x0000000084500000| Untracked |  0
|  40|0x0000000084600000, 0x0000000084600000, 0x0000000084700000|  0%| F|  |TAMS 0x0000000084600000| PB 0x0000000084600000| Untracked |  0
|  41|0x0000000084700000, 0x0000000084700000, 0x0000000084800000|  0%| F|  |TAMS 0x0000000084700000| PB 0x0000000084700000| Untracked |  0
|  42|0x0000000084800000, 0x0000000084800000, 0x0000000084900000|  0%| F|  |TAMS 0x0000000084800000| PB 0x0000000084800000| Untracked |  0
|  43|0x0000000084900000, 0x0000000084900000, 0x0000000084a00000|  0%| F|  |TAMS 0x0000000084900000| PB 0x0000000084900000| Untracked |  0
|  44|0x0000000084a00000, 0x0000000084a00000, 0x0000000084b00000|  0%| F|  |TAMS 0x0000000084a00000| PB 0x0000000084a00000| Untracked |  0
|  45|0x0000000084b00000, 0x0000000084b00000, 0x0000000084c00000|  0%| F|  |TAMS 0x0000000084b00000| PB 0x0000000084b00000| Untracked |  0
|  46|0x0000000084c00000, 0x0000000084c00000, 0x0000000084d00000|  0%| F|  |TAMS 0x0000000084c00000| PB 0x0000000084c00000| Untracked |  0
|  47|0x0000000084d00000, 0x0000000084d00000, 0x0000000084e00000|  0%| F|  |TAMS 0x0000000084d00000| PB 0x0000000084d00000| Untracked |  0
|  48|0x0000000084e00000, 0x0000000084e00000, 0x0000000084f00000|  0%| F|  |TAMS 0x0000000084e00000| PB 0x0000000084e00000| Untracked |  0
|  49|0x0000000084f00000, 0x0000000084f00000, 0x0000000085000000|  0%| F|  |TAMS 0x0000000084f00000| PB 0x0000000084f00000| Untracked |  0
|  50|0x0000000085000000, 0x0000000085000000, 0x0000000085100000|  0%| F|  |TAMS 0x0000000085000000| PB 0x0000000085000000| Untracked |  0
|  51|0x0000000085100000, 0x0000000085100000, 0x0000000085200000|  0%| F|  |TAMS 0x0000000085100000| PB 0x0000000085100000| Untracked |  0
|  52|0x0000000085200000, 0x0000000085200000, 0x0000000085300000|  0%| F|  |TAMS 0x0000000085200000| PB 0x0000000085200000| Untracked |  0
|  53|0x0000000085300000, 0x0000000085300000, 0x0000000085400000|  0%| F|  |TAMS 0x0000000085300000| PB 0x0000000085300000| Untracked |  0
|  54|0x0000000085400000, 0x0000000085400000, 0x0000000085500000|  0%| F|  |TAMS 0x0000000085400000| PB 0x0000000085400000| Untracked |  0
|  55|0x0000000085500000, 0x0000000085500000, 0x0000000085600000|  0%| F|  |TAMS 0x0000000085500000| PB 0x0000000085500000| Untracked |  0
|  56|0x0000000085600000, 0x0000000085600000, 0x0000000085700000|  0%| F|  |TAMS 0x0000000085600000| PB 0x0000000085600000| Untracked |  0
|  57|0x0000000085700000, 0x0000000085700000, 0x0000000085800000|  0%| F|  |TAMS 0x0000000085700000| PB 0x0000000085700000| Untracked |  0
|  58|0x0000000085800000, 0x0000000085800000, 0x0000000085900000|  0%| F|  |TAMS 0x0000000085800000| PB 0x0000000085800000| Untracked |  0
|  59|0x0000000085900000, 0x0000000085900000, 0x0000000085a00000|  0%| F|  |TAMS 0x0000000085900000| PB 0x0000000085900000| Untracked |  0
|  60|0x0000000085a00000, 0x0000000085a00000, 0x0000000085b00000|  0%| F|  |TAMS 0x0000000085a00000| PB 0x0000000085a00000| Untracked |  0
|  61|0x0000000085b00000, 0x0000000085b00000, 0x0000000085c00000|  0%| F|  |TAMS 0x0000000085b00000| PB 0x0000000085b00000| Untracked |  0
|  62|0x0000000085c00000, 0x0000000085c00000, 0x0000000085d00000|  0%| F|  |TAMS 0x0000000085c00000| PB 0x0000000085c00000| Untracked |  0
|  63|0x0000000085d00000, 0x0000000085d00000, 0x0000000085e00000|  0%| F|  |TAMS 0x0000000085d00000| PB 0x0000000085d00000| Untracked |  0
|  64|0x0000000085e00000, 0x0000000085e00000, 0x0000000085f00000|  0%| F|  |TAMS 0x0000000085e00000| PB 0x0000000085e00000| Untracked |  0
|  65|0x0000000085f00000, 0x0000000085f00000, 0x0000000086000000|  0%| F|  |TAMS 0x0000000085f00000| PB 0x0000000085f00000| Untracked |  0
|  66|0x0000000086000000, 0x0000000086000000, 0x0000000086100000|  0%| F|  |TAMS 0x0000000086000000| PB 0x0000000086000000| Untracked |  0
|  67|0x0000000086100000, 0x0000000086100000, 0x0000000086200000|  0%| F|  |TAMS 0x0000000086100000| PB 0x0000000086100000| Untracked |  0
|  68|0x0000000086200000, 0x0000000086200000, 0x0000000086300000|  0%| F|  |TAMS 0x0000000086200000| PB 0x0000000086200000| Untracked |  0
|  69|0x0000000086300000, 0x0000000086300000, 0x0000000086400000|  0%| F|  |TAMS 0x0000000086300000| PB 0x0000000086300000| Untracked |  0
|  70|0x0000000086400000, 0x0000000086400000, 0x0000000086500000|  0%| F|  |TAMS 0x0000000086400000| PB 0x0000000086400000| Untracked |  0
|  71|0x0000000086500000, 0x0000000086500000, 0x0000000086600000|  0%| F|  |TAMS 0x0000000086500000| PB 0x0000000086500000| Untracked |  0
|  72|0x0000000086600000, 0x0000000086600000, 0x0000000086700000|  0%| F|  |TAMS 0x0000000086600000| PB 0x0000000086600000| Untracked |  0
|  73|0x0000000086700000, 0x0000000086700000, 0x0000000086800000|  0%| F|  |TAMS 0x0000000086700000| PB 0x0000000086700000| Untracked |  0
|  74|0x0000000086800000, 0x0000000086800000, 0x0000000086900000|  0%| F|  |TAMS 0x0000000086800000| PB 0x0000000086800000| Untracked |  0
|  75|0x0000000086900000, 0x0000000086900000, 0x0000000086a00000|  0%| F|  |TAMS 0x0000000086900000| PB 0x0000000086900000| Untracked |  0
|  76|0x0000000086a00000, 0x0000000086a00000, 0x0000000086b00000|  0%| F|  |TAMS 0x0000000086a00000| PB 0x0000000086a00000| Untracked |  0
|  77|0x0000000086b00000, 0x0000000086b00000, 0x0000000086c00000|  0%| F|  |TAMS 0x0000000086b00000| PB 0x0000000086b00000| Untracked |  0
|  78|0x0000000086c00000, 0x0000000086c00000, 0x0000000086d00000|  0%| F|  |TAMS 0x0000000086c00000| PB 0x0000000086c00000| Untracked |  0
|  79|0x0000000086d00000, 0x0000000086d00000, 0x0000000086e00000|  0%| F|  |TAMS 0x0000000086d00000| PB 0x0000000086d00000| Untracked |  0
|  80|0x0000000086e00000, 0x0000000086e00000, 0x0000000086f00000|  0%| F|  |TAMS 0x0000000086e00000| PB 0x0000000086e00000| Untracked |  0
|  81|0x0000000086f00000, 0x0000000086f00000, 0x0000000087000000|  0%| F|  |TAMS 0x0000000086f00000| PB 0x0000000086f00000| Untracked |  0
|  82|0x0000000087000000, 0x0000000087000000, 0x0000000087100000|  0%| F|  |TAMS 0x0000000087000000| PB 0x0000000087000000| Untracked |  0
|  83|0x0000000087100000, 0x0000000087100000, 0x0000000087200000|  0%| F|  |TAMS 0x0000000087100000| PB 0x0000000087100000| Untracked |  0
|  84|0x0000000087200000, 0x0000000087200000, 0x0000000087300000|  0%| F|  |TAMS 0x0000000087200000| PB 0x0000000087200000| Untracked |  0
|  85|0x0000000087300000, 0x0000000087300000, 0x0000000087400000|  0%| F|  |TAMS 0x0000000087300000| PB 0x0000000087300000| Untracked |  0
|  86|0x0000000087400000, 0x0000000087400000, 0x0000000087500000|  0%| F|  |TAMS 0x0000000087400000| PB 0x0000000087400000| Untracked |  0
|  87|0x0000000087500000, 0x0000000087500000, 0x0000000087600000|  0%| F|  |TAMS 0x0000000087500000| PB 0x0000000087500000| Untracked |  0
|  88|0x0000000087600000, 0x0000000087600000, 0x0000000087700000|  0%| F|  |TAMS 0x0000000087600000| PB 0x0000000087600000| Untracked |  0
|  89|0x0000000087700000, 0x0000000087700000, 0x0000000087800000|  0%| F|  |TAMS 0x0000000087700000| PB 0x0000000087700000| Untracked |  0
|  90|0x0000000087800000, 0x0000000087800000, 0x0000000087900000|  0%| F|  |TAMS 0x0000000087800000| PB 0x0000000087800000| Untracked |  0
|  91|0x0000000087900000, 0x0000000087900000, 0x0000000087a00000|  0%| F|  |TAMS 0x0000000087900000| PB 0x0000000087900000| Untracked |  0
|  92|0x0000000087a00000, 0x0000000087a00000, 0x0000000087b00000|  0%| F|  |TAMS 0x0000000087a00000| PB 0x0000000087a00000| Untracked |  0
|  93|0x0000000087b00000, 0x0000000087b00000, 0x0000000087c00000|  0%| F|  |TAMS 0x0000000087b00000| PB 0x0000000087b00000| Untracked |  0
|  94|0x0000000087c00000, 0x0000000087c00000, 0x0000000087d00000|  0%| F|  |TAMS 0x0000000087c00000| PB 0x0000000087c00000| Untracked |  0
|  95|0x0000000087d00000, 0x0000000087d00000, 0x0000000087e00000|  0%| F|  |TAMS 0x0000000087d00000| PB 0x0000000087d00000| Untracked |  0
|  96|0x0000000087e00000, 0x0000000087e00000, 0x0000000087f00000|  0%| F|  |TAMS 0x0000000087e00000| PB 0x0000000087e00000| Untracked |  0
|  97|0x0000000087f00000, 0x0000000087f00000, 0x0000000088000000|  0%| F|  |TAMS 0x0000000087f00000| PB 0x0000000087f00000| Untracked |  0
|  98|0x0000000088000000, 0x0000000088000000, 0x0000000088100000|  0%| F|  |TAMS 0x0000000088000000| PB 0x0000000088000000| Untracked |  0
|  99|0x0000000088100000, 0x0000000088100000, 0x0000000088200000|  0%| F|  |TAMS 0x0000000088100000| PB 0x0000000088100000| Untracked |  0
| 100|0x0000000088200000, 0x0000000088200000, 0x0000000088300000|  0%| F|  |TAMS 0x0000000088200000| PB 0x0000000088200000| Untracked |  0
| 101|0x0000000088300000, 0x0000000088300000, 0x0000000088400000|  0%| F|  |TAMS 0x0000000088300000| PB 0x0000000088300000| Untracked |  0
| 102|0x0000000088400000, 0x0000000088400000, 0x0000000088500000|  0%| F|  |TAMS 0x0000000088400000| PB 0x0000000088400000| Untracked |  0
| 103|0x0000000088500000, 0x0000000088500000, 0x0000000088600000|  0%| F|  |TAMS 0x0000000088500000| PB 0x0000000088500000| Untracked |  0
| 104|0x0000000088600000, 0x0000000088600000, 0x0000000088700000|  0%| F|  |TAMS 0x0000000088600000| PB 0x0000000088600000| Untracked |  0
| 105|0x0000000088700000, 0x0000000088700000, 0x0000000088800000|  0%| F|  |TAMS 0x0000000088700000| PB 0x0000000088700000| Untracked |  0
| 106|0x0000000088800000, 0x0000000088800000, 0x0000000088900000|  0%| F|  |TAMS 0x0000000088800000| PB 0x0000000088800000| Untracked |  0
| 107|0x0000000088900000, 0x0000000088900000, 0x0000000088a00000|  0%| F|  |TAMS 0x0000000088900000| PB 0x0000000088900000| Untracked |  0
| 108|0x0000000088a00000, 0x0000000088a00000, 0x0000000088b00000|  0%| F|  |TAMS 0x0000000088a00000| PB 0x0000000088a00000| Untracked |  0
| 109|0x0000000088b00000, 0x0000000088b00000, 0x0000000088c00000|  0%| F|  |TAMS 0x0000000088b00000| PB 0x0000000088b00000| Untracked |  0
| 110|0x0000000088c00000, 0x0000000088c00000, 0x0000000088d00000|  0%| F|  |TAMS 0x0000000088c00000| PB 0x0000000088c00000| Untracked |  0
| 111|0x0000000088d00000, 0x0000000088d00000, 0x0000000088e00000|  0%| F|  |TAMS 0x0000000088d00000| PB 0x0000000088d00000| Untracked |  0
| 112|0x0000000088e00000, 0x0000000088e00000, 0x0000000088f00000|  0%| F|  |TAMS 0x0000000088e00000| PB 0x0000000088e00000| Untracked |  0
| 113|0x0000000088f00000, 0x0000000088f00000, 0x0000000089000000|  0%| F|  |TAMS 0x0000000088f00000| PB 0x0000000088f00000| Untracked |  0
| 114|0x0000000089000000, 0x0000000089000000, 0x0000000089100000|  0%| F|  |TAMS 0x0000000089000000| PB 0x0000000089000000| Untracked |  0
| 115|0x0000000089100000, 0x0000000089100000, 0x0000000089200000|  0%| F|  |TAMS 0x0000000089100000| PB 0x0000000089100000| Untracked |  0
| 116|0x0000000089200000, 0x0000000089200000, 0x0000000089300000|  0%| F|  |TAMS 0x0000000089200000| PB 0x0000000089200000| Untracked |  0
| 117|0x0000000089300000, 0x0000000089300000, 0x0000000089400000|  0%| F|  |TAMS 0x0000000089300000| PB 0x0000000089300000| Untracked |  0
| 118|0x0000000089400000, 0x0000000089400000, 0x0000000089500000|  0%| F|  |TAMS 0x0000000089400000| PB 0x0000000089400000| Untracked |  0
| 119|0x0000000089500000, 0x0000000089500000, 0x0000000089600000|  0%| F|  |TAMS 0x0000000089500000| PB 0x0000000089500000| Untracked |  0
| 120|0x0000000089600000, 0x0000000089600000, 0x0000000089700000|  0%| F|  |TAMS 0x0000000089600000| PB 0x0000000089600000| Untracked |  0
| 121|0x0000000089700000, 0x0000000089700000, 0x0000000089800000|  0%| F|  |TAMS 0x0000000089700000| PB 0x0000000089700000| Untracked |  0
| 122|0x0000000089800000, 0x0000000089800000, 0x0000000089900000|  0%| F|  |TAMS 0x0000000089800000| PB 0x0000000089800000| Untracked |  0
| 123|0x0000000089900000, 0x0000000089900000, 0x0000000089a00000|  0%| F|  |TAMS 0x0000000089900000| PB 0x0000000089900000| Untracked |  0
| 124|0x0000000089a00000, 0x0000000089a9d598, 0x0000000089b00000| 61%| E|  |TAMS 0x0000000089a00000| PB 0x0000000089a00000| Complete |  0
| 125|0x0000000089b00000, 0x0000000089c00000, 0x0000000089c00000|100%| E|CS|TAMS 0x0000000089b00000| PB 0x0000000089b00000| Complete |  0
| 126|0x0000000089c00000, 0x0000000089d00000, 0x0000000089d00000|100%| E|CS|TAMS 0x0000000089c00000| PB 0x0000000089c00000| Complete |  0
| 127|0x0000000089d00000, 0x0000000089e00000, 0x0000000089e00000|100%| E|CS|TAMS 0x0000000089d00000| PB 0x0000000089d00000| Complete |  0
|2016|0x00000000ffe00000, 0x00000000fff00000, 0x00000000fff00000|100%| O|  |TAMS 0x00000000ffe00000| PB 0x00000000ffe00000| Untracked |  0
|2017|0x00000000fff00000, 0x00000000fff1c318, 0x0000000100000000| 11%| O|  |TAMS 0x00000000fff00000| PB 0x00000000fff00000| Untracked |  0

Card table byte_map: [0x0000029077950000,0x0000029077d50000] _byte_map_base: 0x0000029077541000

Marking Bits: (CMBitMap*) 0x000002906ea95290
 Bits: [0x0000029077d50000, 0x0000029079cd8000)

Polling page: 0x000002906c750000

Metaspace:

Usage:
  Non-class:      1.64 MB used.
      Class:    108.80 KB used.
       Both:      1.74 MB used.

Virtual space:
  Non-class space:       64.00 MB reserved,       1.69 MB (  3%) committed,  1 nodes.
      Class space:        1.00 GB reserved,     192.00 KB ( <1%) committed,  1 nodes.
             Both:        1.06 GB reserved,       1.88 MB ( <1%) committed. 

Chunk freelists:
   Non-Class:  11.98 MB
       Class:  15.73 MB
        Both:  27.71 MB

MaxMetaspaceSize: unlimited
CompressedClassSpaceSize: 1.00 GB
Initial GC threshold: 21.00 MB
Current GC threshold: 21.00 MB
CDS: on
 - commit_granule_bytes: 65536.
 - commit_granule_words: 8192.
 - virtual_space_node_default_size: 8388608.
 - enlarge_chunks_in_place: 1.
UseCompressedClassPointers 1, UseCompactObjectHeaders 0
Narrow klass pointer bits 32, Max shift 3
Narrow klass base: 0x000002900f000000, Narrow klass shift: 0
Encoding Range: [0x000002900f000000 - 0x000002910f000000), (4294967296 bytes)
Klass Range:    [0x000002900f000000 - 0x0000029050000000), (1090519040 bytes)
Klass ID Range:  [8 - 1090519033) (1090519025)


Internal statistics:

num_allocs_failed_limit: 0.
num_arena_births: 18.
num_arena_deaths: 0.
num_vsnodes_births: 2.
num_vsnodes_deaths: 0.
num_space_committed: 30.
num_space_uncommitted: 0.
num_chunks_returned_to_freelist: 0.
num_chunks_taken_from_freelist: 23.
num_chunk_merges: 0.
num_chunk_splits: 14.
num_chunks_enlarged: 6.
num_inconsistent_stats: 0.

CodeHeap 'non-profiled nmethods': size=120064Kb used=100Kb max_used=100Kb free=119963Kb
 bounds [0x0000029007ac0000, 0x0000029007d30000, 0x000002900f000000]
CodeHeap 'profiled nmethods': size=120000Kb used=264Kb max_used=264Kb free=119735Kb
 bounds [0x0000029000000000, 0x0000029000270000, 0x0000029007530000]
CodeHeap 'non-nmethods': size=5696Kb used=1252Kb max_used=1252Kb free=4443Kb
 bounds [0x0000029007530000, 0x00000290077a0000, 0x0000029007ac0000]
CodeCache: size=245760Kb, used=1616Kb, max_used=1616Kb, free=244141Kb
 total_blobs=733, nmethods=315, adapters=324, full_count=0
Compilation: enabled, stopped_count=0, restarted_count=0

Compilation events (20 events):
Event: 0.212 Thread 0x000002907c1ad4e0 nmethod 298 0x000002900003e588 code [0x000002900003e6e0, 0x000002900003eb78]
Event: 0.212 Thread 0x000002907c1ad4e0  299       3       jdk.internal.classfile.impl.RawBytecodeHelper::getU1Unchecked (13 bytes)
Event: 0.212 Thread 0x000002907c1ad4e0 nmethod 299 0x000002900003ec08 code [0x000002900003ed20, 0x000002900003eeb8]
Event: 0.212 Thread 0x000002907c1ad4e0  296       3       java.lang.AbstractStringBuilder::append (45 bytes)
Event: 0.213 Thread 0x000002907c1ad4e0 nmethod 296 0x000002900003ef08 code [0x000002900003f0a0, 0x000002900003f7c0]
Event: 0.213 Thread 0x000002907c1ad4e0  302       3       java.lang.invoke.LambdaForm$Name::withIndex (35 bytes)
Event: 0.214 Thread 0x000002907c1ad4e0 nmethod 302 0x000002900003f808 code [0x000002900003f940, 0x000002900003fb60]
Event: 0.214 Thread 0x000002907c1ad4e0  303       3       jdk.internal.classfile.impl.SplitConstantPool::tryFindUtf8 (103 bytes)
Event: 0.214 Thread 0x000002907c1ad4e0 nmethod 303 0x000002900003fb88 code [0x000002900003fd80, 0x0000029000040948]
Event: 0.214 Thread 0x000002907c1ad4e0  305       3       java.lang.invoke.MemberName::allFlagsSet (16 bytes)
Event: 0.214 Thread 0x000002907c1ad4e0 nmethod 305 0x0000029000040988 code [0x0000029000040aa0, 0x0000029000040c00]
Event: 0.214 Thread 0x000002907c1ad4e0  306       1       jdk.internal.classfile.impl.BufWriterImpl::size (5 bytes)
Event: 0.214 Thread 0x000002907c1ad4e0 nmethod 306 0x0000029007ad7b88 code [0x0000029007ad7c80, 0x0000029007ad7d48]
Event: 0.217 Thread 0x000002907c1ad4e0  307       1       java.lang.Class::getModule (5 bytes)
Event: 0.217 Thread 0x000002907c1ad4e0 nmethod 307 0x0000029007ad7e88 code [0x0000029007ad7f80, 0x0000029007ad8048]
Event: 0.218 Thread 0x000002907c1ad4e0  308       3       java.lang.ref.Reference::<init> (25 bytes)
Event: 0.219 Thread 0x000002907c1ad4e0 nmethod 308 0x0000029000040c88 code [0x0000029000040da0, 0x0000029000041008]
Event: 0.225 Thread 0x000002907c1ad4e0  309       3       java.lang.StringLatin1::replace (197 bytes)
Event: 0.226 Thread 0x000002907c1ad4e0 nmethod 309 0x0000029000041088 code [0x00000290000412a0, 0x0000029000042170]
Event: 0.226 Thread 0x000002907c1ad4e0  311       3       jdk.internal.classfile.impl.StackMapGenerator::processBlock (2767 bytes)

GC Heap History (0 events):
No events

Dll operation events (7 events):
Event: 0.017 Loaded shared library C:\Program Files\Apache NetBeans\jdk\bin\java.dll
Event: 0.069 Loaded shared library C:\Program Files\Apache NetBeans\jdk\bin\jsvml.dll
Event: 0.117 Loaded shared library C:\Program Files\Apache NetBeans\jdk\bin\net.dll
Event: 0.119 Loaded shared library C:\Program Files\Apache NetBeans\jdk\bin\nio.dll
Event: 0.175 Loaded shared library C:\Program Files\Apache NetBeans\jdk\bin\zip.dll
Event: 0.190 Loaded shared library C:\Program Files\Apache NetBeans\jdk\bin\jimage.dll
Event: 0.203 Loaded shared library C:\Program Files\Apache NetBeans\jdk\bin\awt.dll

Deoptimization events (0 events):
No events

Classes loaded (20 events):
Event: 0.236 Loading class java/awt/Cursor done
Event: 0.236 Loading class java/awt/Point
Event: 0.236 Loading class java/awt/geom/Point2D
Event: 0.236 Loading class java/awt/geom/Point2D done
Event: 0.236 Loading class java/awt/Point done
Event: 0.236 Loading class java/awt/Cursor$1
Event: 0.237 Loading class sun/awt/AWTAccessor$CursorAccessor
Event: 0.237 Loading class sun/awt/AWTAccessor$CursorAccessor done
Event: 0.237 Loading class java/awt/Cursor$1 done
Event: 0.237 Loading class java/awt/GraphicsEnvironment$LocalGE
Event: 0.237 Loading class java/awt/GraphicsEnvironment$LocalGE done
Event: 0.237 Loading class sun/awt/Win32GraphicsEnvironment
Event: 0.237 Loading class sun/java2d/SunGraphicsEnvironment
Event: 0.237 Loading class sun/awt/DisplayChangedListener
Event: 0.237 Loading class sun/awt/DisplayChangedListener done
Event: 0.238 Loading class sun/java2d/SunGraphicsEnvironment done
Event: 0.238 Loading class sun/awt/Win32GraphicsEnvironment done
Event: 0.238 Loading class sun/awt/windows/WToolkit
Event: 0.238 Loading class sun/awt/windows/WToolkit done
Event: 0.239 Loading class sun/java2d/SurfaceData

Classes unloaded (0 events):
No events

Classes redefined (0 events):
No events

Internal exceptions (6 events):
Event: 0.121 Thread 0x000002906c78b790 Exception <a 'sun/nio/fs/WindowsException'{0x0000000089cd94a0}> (0x0000000089cd94a0) 
thrown [s\src\hotspot\share\prims\jni.cpp, line 518]
Event: 0.123 Thread 0x000002906c78b790 Exception <a 'sun/nio/fs/WindowsException'{0x0000000089cdbab0}> (0x0000000089cdbab0) 
thrown [s\src\hotspot\share\prims\jni.cpp, line 518]
Event: 0.123 Thread 0x000002906c78b790 Exception <a 'sun/nio/fs/WindowsException'{0x0000000089cdc620}> (0x0000000089cdc620) 
thrown [s\src\hotspot\share\prims\jni.cpp, line 518]
Event: 0.198 Thread 0x000002906c78b790 Exception <a 'java/lang/ClassNotFoundException'{0x0000000089a21db8}: sun/awt/resources/spi/awtProvider> (0x0000000089a21db8) 
thrown [s\src\hotspot\share\classfile\systemDictionary.cpp, line 327]
Event: 0.209 Thread 0x000002906c78b790 Exception <a 'java/io/FileNotFoundException'{0x0000000089a42468}> (0x0000000089a42468) 
thrown [s\src\hotspot\share\prims\jni.cpp, line 518]
Event: 0.215 Thread 0x000002906c78b790 Exception <a 'java/io/FileNotFoundException'{0x0000000089a54d50}> (0x0000000089a54d50) 
thrown [s\src\hotspot\share\prims\jni.cpp, line 518]

VM Operations (2 events):
Event: 0.124 Executing VM operation: HandshakeAllThreads (Deoptimize)
Event: 0.124 Executing VM operation: HandshakeAllThreads (Deoptimize) done

Memory protections (0 events):
No events

Nmethod flushes (0 events):
No events

Events (12 events):
Event: 0.048 Thread 0x000002906c78b790 Thread added: 0x000002906c78b790
Event: 0.066 Thread 0x000002906c78b790 Thread added: 0x000002907c1966e0
Event: 0.066 Thread 0x000002906c78b790 Thread added: 0x000002907c1986e0
Event: 0.067 Thread 0x000002906c78b790 Thread added: 0x000002907c19c5f0
Event: 0.067 Thread 0x000002906c78b790 Thread added: 0x000002907c19f130
Event: 0.067 Thread 0x000002906c78b790 Thread added: 0x000002907c1a0400
Event: 0.067 Thread 0x000002906c78b790 Thread added: 0x000002907c1a4b90
Event: 0.067 Thread 0x000002906c78b790 Thread added: 0x000002907c1aa950
Event: 0.067 Thread 0x000002906c78b790 Thread added: 0x000002907c1ad4e0
Event: 0.116 Thread 0x000002906c78b790 Thread added: 0x000002905409ec70
Event: 0.151 Thread 0x000002906c78b790 Thread added: 0x000002905410ba20
Event: 0.160 Thread 0x000002907c1ad4e0 Thread added: 0x0000029054127e20


Dynamic libraries:
0x00007ff642b50000 - 0x00007ff642b5e000 	C:\Program Files\Apache NetBeans\jdk\bin\java.exe
0x00007ffe35070000 - 0x00007ffe35268000 	C:\Windows\SYSTEM32\ntdll.dll
0x00007ffe33130000 - 0x00007ffe331f2000 	C:\Windows\System32\KERNEL32.DLL
0x00007ffe32960000 - 0x00007ffe32c56000 	C:\Windows\System32\KERNELBASE.dll
0x00007ffe32f10000 - 0x00007ffe33010000 	C:\Windows\System32\ucrtbase.dll
0x00007ffe1af50000 - 0x00007ffe1af6e000 	C:\Program Files\Apache NetBeans\jdk\bin\VCRUNTIME140.dll
0x00007ffe12aa0000 - 0x00007ffe12ab6000 	C:\Program Files\Apache NetBeans\jdk\bin\jli.dll
0x00007ffe334f0000 - 0x00007ffe3368d000 	C:\Windows\System32\USER32.dll
0x00007ffe32710000 - 0x00007ffe32732000 	C:\Windows\System32\win32u.dll
0x00007ffe33100000 - 0x00007ffe3312b000 	C:\Windows\System32\GDI32.dll
0x00007ffe32840000 - 0x00007ffe32959000 	C:\Windows\System32\gdi32full.dll
0x00007ffe32d10000 - 0x00007ffe32dad000 	C:\Windows\System32\msvcp_win.dll
0x00007ffe16700000 - 0x00007ffe1699b000 	C:\Windows\WinSxS\amd64_microsoft.windows.common-controls_6595b64144ccf1df_6.0.19041.6280_none_60bc30a171f2f3f3\COMCTL32.dll
0x00007ffe332a0000 - 0x00007ffe3333e000 	C:\Windows\System32\msvcrt.dll
0x00007ffe33710000 - 0x00007ffe3373f000 	C:\Windows\System32\IMM32.DLL
0x00007ffe26bd0000 - 0x00007ffe26bdc000 	C:\Program Files\Apache NetBeans\jdk\bin\vcruntime140_1.dll
0x00007ffdc2a60000 - 0x00007ffdc2aed000 	C:\Program Files\Apache NetBeans\jdk\bin\msvcp140.dll
0x00007ffdb9820000 - 0x00007ffdba69c000 	C:\Program Files\Apache NetBeans\jdk\bin\server\jvm.dll
0x00007ffe346d0000 - 0x00007ffe34781000 	C:\Windows\System32\ADVAPI32.dll
0x00007ffe33200000 - 0x00007ffe3329f000 	C:\Windows\System32\sechost.dll
0x00007ffe345a0000 - 0x00007ffe346c0000 	C:\Windows\System32\RPCRT4.dll
0x00007ffe32ce0000 - 0x00007ffe32d07000 	C:\Windows\System32\bcrypt.dll
0x00007ffe343f0000 - 0x00007ffe3445b000 	C:\Windows\System32\WS2_32.dll
0x00007ffe325f0000 - 0x00007ffe3263b000 	C:\Windows\SYSTEM32\POWRPROF.dll
0x00007ffe19530000 - 0x00007ffe19557000 	C:\Windows\SYSTEM32\WINMM.dll
0x00007ffe278b0000 - 0x00007ffe278ba000 	C:\Windows\SYSTEM32\VERSION.dll
0x00007ffe325c0000 - 0x00007ffe325d2000 	C:\Windows\SYSTEM32\UMPDC.dll
0x00007ffe30f80000 - 0x00007ffe30f92000 	C:\Windows\SYSTEM32\kernel.appcore.dll
0x00007ffe26660000 - 0x00007ffe2666a000 	C:\Program Files\Apache NetBeans\jdk\bin\jimage.dll
0x00007ffe2c410000 - 0x00007ffe2c611000 	C:\Windows\SYSTEM32\DBGHELP.DLL
0x00007ffe19230000 - 0x00007ffe19264000 	C:\Windows\SYSTEM32\dbgcore.DLL
0x00007ffe33010000 - 0x00007ffe33092000 	C:\Windows\System32\bcryptPrimitives.dll
0x00007ffe1af30000 - 0x00007ffe1af4e000 	C:\Program Files\Apache NetBeans\jdk\bin\java.dll
0x00007ffe347c0000 - 0x00007ffe348eb000 	C:\Windows\System32\ole32.dll
0x00007ffe33f60000 - 0x00007ffe342b3000 	C:\Windows\System32\combase.dll
0x00007ffe33740000 - 0x00007ffe33eb0000 	C:\Windows\System32\SHELL32.dll
0x00007ffe30720000 - 0x00007ffe30ec4000 	C:\Windows\SYSTEM32\windows.storage.dll
0x00007ffe32070000 - 0x00007ffe3209b000 	C:\Windows\SYSTEM32\Wldp.dll
0x00007ffe342c0000 - 0x00007ffe3438d000 	C:\Windows\System32\OLEAUT32.dll
0x00007ffe34ab0000 - 0x00007ffe34b5d000 	C:\Windows\System32\SHCORE.dll
0x00007ffe34540000 - 0x00007ffe3459b000 	C:\Windows\System32\shlwapi.dll
0x00007ffe32640000 - 0x00007ffe32664000 	C:\Windows\SYSTEM32\profapi.dll
0x00007ffdc1540000 - 0x00007ffdc1617000 	C:\Program Files\Apache NetBeans\jdk\bin\jsvml.dll
0x00007ffe0ae10000 - 0x00007ffe0ae20000 	C:\Program Files\Apache NetBeans\jdk\bin\net.dll
0x00007ffe31dd0000 - 0x00007ffe31e3a000 	C:\Windows\system32\mswsock.dll
0x00007ffe04090000 - 0x00007ffe040a6000 	C:\Program Files\Apache NetBeans\jdk\bin\nio.dll
0x00007ffe0ae20000 - 0x00007ffe0ae37000 	C:\Program Files\Apache NetBeans\jdk\bin\zip.dll
0x00007ffdb9430000 - 0x00007ffdb95ae000 	C:\Program Files\Apache NetBeans\jdk\bin\awt.dll
0x00007ffe2c2b0000 - 0x00007ffe2c344000 	C:\Windows\SYSTEM32\apphelp.dll

JVMTI agents: none

dbghelp: loaded successfully - version: 4.0.5 - missing functions: none
symbol engine: initialized successfully - sym options: 0x614 - pdb path: .;C:\Program Files\Apache NetBeans\jdk\bin;C:\Windows\SYSTEM32;C:\Windows\WinSxS\amd64_microsoft.windows.common-controls_6595b64144ccf1df_6.0.19041.6280_none_60bc30a171f2f3f3;C:\Program Files\Apache NetBeans\jdk\bin\server

VM Arguments:
jvm_args: -Dfile.encoding=UTF-8 --module-path=C:\Users\hp\Desktop\Electricity-Billing-System\Electricity Billing System\build\classes 
java_command: electricity.billing.system.Project
java_class_path (initial): C:\Users\hp\Downloads\mysql-connector-java-8.0.28 (1).jar;C:\Users\hp\Desktop\Electricity-Billing-System\Electricity Billing System\build\classes
Launcher Type: SUN_STANDARD

[Global flags]
     intx CICompilerCount                          = 3                                         {product} {ergonomic}
     uint ConcGCThreads                            = 1                                         {product} {ergonomic}
     uint G1ConcRefinementThreads                  = 4                                         {product} {ergonomic}
   size_t G1HeapRegionSize                         = 1048576                                   {product} {ergonomic}
   size_t InitialHeapSize                          = 134217728                                 {product} {ergonomic}
   size_t MarkStackSize                            = 4194304                                   {product} {ergonomic}
   size_t MarkStackSizeMax                         = 536870912                                 {product} {ergonomic}
   size_t MaxHeapSize                              = 2116026368                                {product} {ergonomic}
   size_t MaxNewSize                               = 1268776960                                {product} {ergonomic}
   size_t MinHeapDeltaBytes                        = 1048576                                   {product} {ergonomic}
   size_t MinHeapSize                              = 8388608                                   {product} {ergonomic}
    uintx NonNMethodCodeHeapSize                   = 5832704                                {pd product} {ergonomic}
    uintx NonProfiledCodeHeapSize                  = 122945536                              {pd product} {ergonomic}
    uintx ProfiledCodeHeapSize                     = 122880000                              {pd product} {ergonomic}
    uintx ReservedCodeCacheSize                    = 251658240                              {pd product} {ergonomic}
     bool SegmentedCodeCache                       = true                                      {product} {ergonomic}
   size_t SoftMaxHeapSize                          = 2116026368                             {manageable} {ergonomic}
     bool UseCompressedOops                        = true                           {product lp64_product} {ergonomic}
     bool UseG1GC                                  = true                                      {product} {ergonomic}
     bool UseLargePagesIndividualAllocation        = false                                  {pd product} {ergonomic}

Logging:
Log output configuration:
 #0: stdout all=warning uptime,level,tags foldmultilines=false
 #1: stderr all=off uptime,level,tags foldmultilines=false

Environment Variables:
PATH=C:\Python312\Scripts\;C:\Python312\;C:\Program Files\Common Files\Oracle\Java\javapath;C:\Windows\system32;C:\Windows;C:\Windows\System32\Wbem;C:\Windows\System32\WindowsPowerShell\v1.0\;C:\Windows\System32\OpenSSH\;C:\MinGW\bin;C:\Users\hp\AppData\Local\GitHubDesktop\app-3.3.18\resources\app\git\cmd;C:\Program Files\Git\cmd;C:\Program Files\Git\mingw64\bin;C:\Program Files\Git\usr\bin;C:\Program Files\nodejs\;C:\ProgramData\chocolatey\bin;C:\Program Files\mongosh;C:\Users\hp\AppData\Local\Programs\Python\Python313\Scripts\;C:\Users\hp\AppData\Local\Programs\Python\Python313\;C:\Users\hp\AppData\Local\Microsoft\WindowsApps;C:\Users\hp\AppData\Local\Programs\Microsoft VS Code\bin;C:\Program Files\JetBrains\IntelliJ IDEA Community Edition 2025.2.1\bin;C:\Users\hp\AppData\Local\GitHubDesktop\bin;C:\Users\hp\AppData\Roaming\npm;C:\ProgramData\hp\GitHubDesktop\bin
USERNAME=hp
OS=Windows_NT
PROCESSOR_IDENTIFIER=Intel64 Family 6 Model 142 Stepping 9, GenuineIntel
TMP=C:\Users\hp\AppData\Local\Temp
TEMP=C:\Users\hp\AppData\Local\Temp




Periodic native trim disabled

---------------  S Y S T E M  ---------------

OS:
 Windows 10 , 64 bit Build 19041 (10.0.19041.5915)
OS uptime: 0 days 13:20 hours

CPU: total 4 (initial active 4) (2 cores per cpu, 2 threads per core) family 6 model 142 stepping 9 microcode 0xf4, cx8, cmov, fxsr, ht, mmx, 3dnowpref, sse, sse2, sse3, ssse3, sse4.1, sse4.2, popcnt, lzcnt, tsc, tscinvbit, avx, avx2, aes, erms, clmul, bmi1, bmi2, rtm, adx, fma, vzeroupper, clflush, clflushopt, rdtscp, f16c
Processor Information for the first 4 processors :
  Max Mhz: 2712, Current Mhz: 2611, Mhz Limit: 2603

Memory: 4k page, system-wide physical 8067M (1864M free)
TotalPageFile size 11304M (AvailPageFile size 2M)
current process WorkingSet (physical memory assigned to process): 47M, peak: 47M
current process commit charge ("private bytes"): 209M, peak: 209M

vm_info: OpenJDK 64-Bit Server VM (24.0.2+12) for windows-amd64 JRE (24.0.2+12) (Zulu24.32+13-CA), built on 2025-07-11T12:45:44Z with MS VC++ 17.1 (VS2022)

END.
